#
# There is insufficient memory for the Java Runtime Environment to continue.
# Native memory allocation (malloc) failed to allocate 327056 bytes for Chunk::new
# Possible reasons:
#   The system is out of physical RAM or swap space
#   The process is running with CompressedOops enabled, and the Java Heap may be blocking the growth of the native heap
# Possible solutions:
#   Reduce memory load on the system
#   Increase physical memory or swap space
#   Check if swap backing store is full
#   Decrease Java heap size (-Xmx/-Xms)
#   Decrease number of Java threads
#   Decrease Java thread stack sizes (-Xss)
#   Set larger code cache with -XX:ReservedCodeCacheSize=
#   JVM is running with Unscaled Compressed Oops mode in which the Java heap is
#     placed in the first 4GB address space. The Java Heap base address is the
#     maximum limit for the native heap growth. Please use -XX:HeapBaseMinAddress
#     to set the Java Heap base and to place the Java Heap above 4GB virtual address.
# This output file may be truncated or incomplete.
#
#  Out of Memory Error (arena.cpp:189), pid=2700, tid=5268
#
# JRE version: OpenJDK Runtime Environment Temurin-17.0.6+10 (17.0.6+10) (build 17.0.6+10)
# Java VM: OpenJDK 64-Bit Server VM Temurin-17.0.6+10 (17.0.6+10, mixed mode, tiered, compressed oops, compressed class ptrs, parallel gc, windows-amd64)
# No core dump will be written. Minidumps are not enabled by default on client versions of Windows
#

---------------  S U M M A R Y ------------

Command Line: --add-modules=ALL-SYSTEM --add-opens=java.base/java.util=ALL-UNNAMED --add-opens=java.base/java.lang=ALL-UNNAMED --add-opens=java.base/sun.nio.fs=ALL-UNNAMED -Declipse.application=org.eclipse.jdt.ls.core.id1 -Dosgi.bundles.defaultStartLevel=4 -Declipse.product=org.eclipse.jdt.ls.core.product -Djava.import.generatesMetadataFilesAtProjectRoot=false -Dfile.encoding=utf8 -XX:+UseParallelGC -XX:GCTimeRatio=4 -XX:AdaptiveSizePolicyWeight=90 -Dsun.zip.disableMemoryMapping=true -Xmx1G -Xms100m -Xlog:disable -javaagent:c:\Users\Vinicius\.vscode\extensions\redhat.java-1.16.0-win32-x64\lombok\lombok-1.18.24.jar -XX:+HeapDumpOnOutOfMemoryError -XX:HeapDumpPath=c:\Users\Vinicius\AppData\Roaming\Code\User\workspaceStorage\b953caa60ec1abc2c9936d6cc3d391e3\redhat.java c:\Users\Vinicius\.vscode\extensions\redhat.java-1.16.0-win32-x64\server\plugins\org.eclipse.equinox.launcher_1.6.400.v20210924-0641.jar -configuration c:\Users\Vinicius\AppData\Roaming\Code\User\globalStorage\redhat.java\1.16.0\config_win -data c:\Users\Vinicius\AppData\Roaming\Code\User\workspaceStorage\b953caa60ec1abc2c9936d6cc3d391e3\redhat.java\jdt_ws

Host: Intel(R) Core(TM) i3 CPU       M 370  @ 2.40GHz, 4 cores, 5G,  Windows 10 , 64 bit Build 19041 (10.0.19041.804)
Time: Tue Apr 18 19:07:45 2023 Hora oficial do Brasil elapsed time: 630.298038 seconds (0d 0h 10m 30s)

---------------  T H R E A D  ---------------

Current thread (0x0000023fa6cadef0):  JavaThread "C2 CompilerThread0" daemon [_thread_in_native, id=5268, stack(0x000000f33d200000,0x000000f33d300000)]


Current CompileTask:
C2: 630299 8086       4       java.util.regex.Pattern::atom (422 bytes)

Stack: [0x000000f33d200000,0x000000f33d300000]
Native frames: (J=compiled Java code, j=interpreted, Vv=VM code, C=native code)
V  [jvm.dll+0x67741a]
V  [jvm.dll+0x834434]
V  [jvm.dll+0x835bde]
V  [jvm.dll+0x836243]
V  [jvm.dll+0x2457b5]
V  [jvm.dll+0xabafc]
V  [jvm.dll+0xac0cc]
V  [jvm.dll+0x2ac94f]
V  [jvm.dll+0x57de47]
V  [jvm.dll+0x220812]
V  [jvm.dll+0x220bef]
V  [jvm.dll+0x21a445]
V  [jvm.dll+0x21790b]
V  [jvm.dll+0x1a3d0d]
V  [jvm.dll+0x22742a]
V  [jvm.dll+0x225565]
V  [jvm.dll+0x7ea2cb]
V  [jvm.dll+0x7e483a]
V  [jvm.dll+0x6762c5]
C  [ucrtbase.dll+0x21bb2]
C  [KERNEL32.DLL+0x17034]
C  [ntdll.dll+0x52651]


---------------  P R O C E S S  ---------------

Threads class SMR info:
_java_thread_list=0x0000023fae247da0, length=28, elements={
0x0000023f92e58fa0, 0x0000023f92f19f20, 0x0000023f92f1b850, 0x0000023fa6ca0280,
0x0000023fa6ca10f0, 0x0000023fa6ca2700, 0x0000023fa6ca7650, 0x0000023fa6cadef0,
0x0000023fa6cd1ad0, 0x0000023fa6cde790, 0x0000023fa8805ff0, 0x0000023fa89a05c0,
0x0000023fa8fca880, 0x0000023fa9fce1a0, 0x0000023fa925c8c0, 0x0000023fa925c3b0,
0x0000023fa87f98a0, 0x0000023fa8a31030, 0x0000023fa89c3b40, 0x0000023fa89c2330,
0x0000023fa89c3670, 0x0000023fa89c4010, 0x0000023fa89c2800, 0x0000023fac30d400,
0x0000023fa8a31720, 0x0000023fac30e270, 0x0000023fac30b250, 0x0000023fac310420
}

Java Threads: ( => current thread )
  0x0000023f92e58fa0 JavaThread "main" [_thread_blocked, id=2312, stack(0x000000f33c900000,0x000000f33ca00000)]
  0x0000023f92f19f20 JavaThread "Reference Handler" daemon [_thread_blocked, id=2076, stack(0x000000f33cc00000,0x000000f33cd00000)]
  0x0000023f92f1b850 JavaThread "Finalizer" daemon [_thread_blocked, id=7324, stack(0x000000f33cd00000,0x000000f33ce00000)]
  0x0000023fa6ca0280 JavaThread "Signal Dispatcher" daemon [_thread_blocked, id=3708, stack(0x000000f33ce00000,0x000000f33cf00000)]
  0x0000023fa6ca10f0 JavaThread "Attach Listener" daemon [_thread_blocked, id=1916, stack(0x000000f33cf00000,0x000000f33d000000)]
  0x0000023fa6ca2700 JavaThread "Service Thread" daemon [_thread_blocked, id=1580, stack(0x000000f33d000000,0x000000f33d100000)]
  0x0000023fa6ca7650 JavaThread "Monitor Deflation Thread" daemon [_thread_blocked, id=7264, stack(0x000000f33d100000,0x000000f33d200000)]
=>0x0000023fa6cadef0 JavaThread "C2 CompilerThread0" daemon [_thread_in_native, id=5268, stack(0x000000f33d200000,0x000000f33d300000)]
  0x0000023fa6cd1ad0 JavaThread "C1 CompilerThread0" daemon [_thread_blocked, id=8056, stack(0x000000f33d300000,0x000000f33d400000)]
  0x0000023fa6cde790 JavaThread "Sweeper thread" daemon [_thread_blocked, id=5200, stack(0x000000f33d400000,0x000000f33d500000)]
  0x0000023fa8805ff0 JavaThread "Common-Cleaner" daemon [_thread_blocked, id=6864, stack(0x000000f33d500000,0x000000f33d600000)]
  0x0000023fa89a05c0 JavaThread "Notification Thread" daemon [_thread_blocked, id=5704, stack(0x000000f33d600000,0x000000f33d700000)]
  0x0000023fa8fca880 JavaThread "Active Thread: Equinox Container: 6fbc65cc-aa75-446b-88f1-ec10bb6da1f9" [_thread_blocked, id=6252, stack(0x000000f33db00000,0x000000f33dc00000)]
  0x0000023fa9fce1a0 JavaThread "Framework Event Dispatcher: Equinox Container: 6fbc65cc-aa75-446b-88f1-ec10bb6da1f9" daemon [_thread_blocked, id=6836, stack(0x000000f33dd00000,0x000000f33de00000)]
  0x0000023fa925c8c0 JavaThread "Start Level: Equinox Container: 6fbc65cc-aa75-446b-88f1-ec10bb6da1f9" daemon [_thread_blocked, id=1796, stack(0x000000f33de00000,0x000000f33df00000)]
  0x0000023fa925c3b0 JavaThread "SCR Component Actor" daemon [_thread_blocked, id=7756, stack(0x000000f33dc00000,0x000000f33dd00000)]
  0x0000023fa87f98a0 JavaThread "Bundle File Closer" daemon [_thread_blocked, id=1640, stack(0x000000f33df00000,0x000000f33e000000)]
  0x0000023fa8a31030 JavaThread "Worker-JM" [_thread_blocked, id=7300, stack(0x000000f33e100000,0x000000f33e200000)]
  0x0000023fa89c3b40 JavaThread "Java indexing" daemon [_thread_blocked, id=2772, stack(0x000000f33e400000,0x000000f33e500000)]
  0x0000023fa89c2330 JavaThread "JNA Cleaner" daemon [_thread_blocked, id=8072, stack(0x000000f33e500000,0x000000f33e600000)]
  0x0000023fa89c3670 JavaThread "pool-2-thread-1" [_thread_blocked, id=6256, stack(0x000000f33e800000,0x000000f33e900000)]
  0x0000023fa89c4010 JavaThread "pool-1-thread-1" [_thread_in_native, id=5460, stack(0x000000f33ea00000,0x000000f33eb00000)]
  0x0000023fa89c2800 JavaThread "Worker-4: Shutdown..." [_thread_blocked, id=5456, stack(0x000000f33e900000,0x000000f33ea00000)]
  0x0000023fac30d400 JavaThread "Worker-7" [_thread_blocked, id=6044, stack(0x000000f33e000000,0x000000f33e100000)]
  0x0000023fa8a31720 JavaThread "C2 CompilerThread1" daemon [_thread_in_native, id=4592, stack(0x000000f33e200000,0x000000f33e300000)]
  0x0000023fac30e270 JavaThread "ForkJoinPool.commonPool-worker-4" daemon [_thread_blocked, id=2592, stack(0x000000f33e300000,0x000000f33e400000)]
  0x0000023fac30b250 JavaThread "ForkJoinPool-3-worker-1" daemon [_thread_in_native, id=6980, stack(0x000000f33e600000,0x000000f33e700000)]
  0x0000023fac310420 JavaThread "ForkJoinPool-3-worker-2" daemon [_thread_blocked, id=7240, stack(0x000000f33e700000,0x000000f33e800000)]

Other Threads:
  0x0000023f92f111a0 VMThread "VM Thread" [stack: 0x000000f33cb00000,0x000000f33cc00000] [id=492]
  0x0000023fa8973930 WatcherThread [stack: 0x000000f33d700000,0x000000f33d800000] [id=2228]
  0x0000023f92e6f4a0 GCTaskThread "GC Thread#0" [stack: 0x000000f33ca00000,0x000000f33cb00000] [id=5844]
  0x0000023fa91aff00 GCTaskThread "GC Thread#1" [stack: 0x000000f33d800000,0x000000f33d900000] [id=2356]
  0x0000023fa8dca7a0 GCTaskThread "GC Thread#2" [stack: 0x000000f33d900000,0x000000f33da00000] [id=7468]
  0x0000023fa8dc7f60 GCTaskThread "GC Thread#3" [stack: 0x000000f33da00000,0x000000f33db00000] [id=6596]

Threads with active compile tasks:
C2 CompilerThread0   630709 8086       4       java.util.regex.Pattern::atom (422 bytes)
C2 CompilerThread1   630709 8094       4       java.net.URI$Parser::parse (243 bytes)

VM state: not at safepoint (normal execution)

VM Mutex/Monitor currently owned by a thread: None

Heap address: 0x00000000c0000000, size: 1024 MB, Compressed Oops mode: 32-bit

CDS archive(s) not mapped
Compressed class space mapped at: 0x0000000100000000-0x0000000140000000, reserved size: 1073741824
Narrow klass base: 0x0000000000000000, Narrow klass shift: 3, Narrow klass range: 0x140000000

GC Precious Log:
 CPUs: 4 total, 4 available
 Memory: 5814M
 Large Page Support: Disabled
 NUMA Support: Disabled
 Compressed Oops: Enabled (32-bit)
 Alignments: Space 512K, Generation 512K, Heap 2M
 Heap Min Capacity: 100M
 Heap Initial Capacity: 100M
 Heap Max Capacity: 1G
 Pre-touch: Disabled
 Parallel Workers: 4

Heap:
 PSYoungGen      total 52224K, used 44896K [0x00000000eab00000, 0x00000000f0100000, 0x0000000100000000)
  eden space 18432K, 61% used [0x00000000eab00000,0x00000000eb615bf8,0x00000000ebd00000)
  from space 33792K, 99% used [0x00000000ebd00000,0x00000000eddc2520,0x00000000ede00000)
  to   space 34816K, 0% used [0x00000000edf00000,0x00000000edf00000,0x00000000f0100000)
 ParOldGen       total 359936K, used 331340K [0x00000000c0000000, 0x00000000d5f80000, 0x00000000eab00000)
  object space 359936K, 92% used [0x00000000c0000000,0x00000000d4393270,0x00000000d5f80000)
 Metaspace       used 65915K, committed 66816K, reserved 1114112K
  class space    used 7134K, committed 7488K, reserved 1048576K

Card table byte_map: [0x0000023f92830000,0x0000023f92a40000] _byte_map_base: 0x0000023f92230000

Marking Bits: (ParMarkBitMap*) 0x00007ffc66d13e70
 Begin Bits: [0x0000023fa4ae0000, 0x0000023fa5ae0000)
 End Bits:   [0x0000023fa5ae0000, 0x0000023fa6ae0000)

Polling page: 0x0000023f92620000

Metaspace:

Usage:
  Non-class:     57.40 MB used.
      Class:      6.97 MB used.
       Both:     64.37 MB used.

Virtual space:
  Non-class space:       64.00 MB reserved,      57.94 MB ( 91%) committed,  8 nodes.
      Class space:        1.00 GB reserved,       7.31 MB ( <1%) committed,  1 nodes.
             Both:        1.06 GB reserved,      65.25 MB (  6%) committed. 

Chunk freelists:
   Non-Class:  1.88 MB
       Class:  512.00 KB
        Both:  2.38 MB

MaxMetaspaceSize: unlimited
CompressedClassSpaceSize: 1.00 GB
Initial GC threshold: 21.00 MB
Current GC threshold: 107.94 MB
CDS: off
MetaspaceReclaimPolicy: balanced
 - commit_granule_bytes: 65536.
 - commit_granule_words: 8192.
 - virtual_space_node_default_size: 1048576.
 - enlarge_chunks_in_place: 1.
 - new_chunks_are_fully_committed: 0.
 - uncommit_free_chunks: 1.
 - use_allocation_guard: 0.
 - handle_deallocations: 1.


Internal statistics:

num_allocs_failed_limit: 9.
num_arena_births: 478.
num_arena_deaths: 14.
num_vsnodes_births: 9.
num_vsnodes_deaths: 0.
num_space_committed: 1044.
num_space_uncommitted: 0.
num_chunks_returned_to_freelist: 23.
num_chunks_taken_from_freelist: 2914.
num_chunk_merges: 4.
num_chunk_splits: 1824.
num_chunks_enlarged: 1091.
num_purges: 2.
num_inconsistent_stats: 0.

CodeHeap 'non-profiled nmethods': size=120000Kb used=5195Kb max_used=5195Kb free=114804Kb
 bounds [0x0000023f9d5b0000, 0x0000023f9dad0000, 0x0000023fa4ae0000]
CodeHeap 'profiled nmethods': size=120000Kb used=13914Kb max_used=14945Kb free=106085Kb
 bounds [0x0000023f95ae0000, 0x0000023f96980000, 0x0000023f9d010000]
CodeHeap 'non-nmethods': size=5760Kb used=1366Kb max_used=1466Kb free=4393Kb
 bounds [0x0000023f9d010000, 0x0000023f9d280000, 0x0000023f9d5b0000]
 total_blobs=7454 nmethods=6740 adapters=626
 compilation: enabled
              stopped_count=0, restarted_count=0
 full_count=0

Compilation events (20 events):
Event: 630.027 Thread 0x0000023fa6cd1ad0 8085   !   3       org.eclipse.core.filesystem.provider.FileStore::fetchInfo (27 bytes)
Event: 630.027 Thread 0x0000023fa6cd1ad0 nmethod 8085 0x0000023f9602c210 code [0x0000023f9602c400, 0x0000023f9602c928]
Event: 630.029 Thread 0x0000023fa6cadef0 8086       4       java.util.regex.Pattern::atom (422 bytes)
Event: 630.029 Thread 0x0000023fa6cd1ad0 8087       3       org.eclipse.core.runtime.URIUtil::isFileURI (10 bytes)
Event: 630.030 Thread 0x0000023fa6cd1ad0 nmethod 8087 0x0000023f9647f890 code [0x0000023f9647fa40, 0x0000023f9647fb88]
Event: 630.031 Thread 0x0000023fa8a31720 8088       4       java.util.regex.Pattern::newSlice (181 bytes)
Event: 630.032 Thread 0x0000023fa6cd1ad0 8089       3       org.eclipse.core.runtime.SubMonitor::isCanceled (20 bytes)
Event: 630.033 Thread 0x0000023fa6cd1ad0 nmethod 8089 0x0000023f96295910 code [0x0000023f96295ac0, 0x0000023f96295d68]
Event: 630.036 Thread 0x0000023fa6cd1ad0 8090       3       org.codehaus.plexus.util.SelectorUtils::equals (37 bytes)
Event: 630.037 Thread 0x0000023fa6cd1ad0 nmethod 8090 0x0000023f96083110 code [0x0000023f96083380, 0x0000023f96083c98]
Event: 630.037 Thread 0x0000023fa6cd1ad0 8091       3       org.eclipse.core.internal.resources.Resource::getLocation (30 bytes)
Event: 630.038 Thread 0x0000023fa6cd1ad0 nmethod 8091 0x0000023f960eea90 code [0x0000023f960eecc0, 0x0000023f960ef748]
Event: 630.038 Thread 0x0000023fa6cd1ad0 8092       3       org.eclipse.core.internal.localstore.FileSystemResourceManager::locationFor (17 bytes)
Event: 630.039 Thread 0x0000023fa6cd1ad0 nmethod 8092 0x0000023f963d4410 code [0x0000023f963d45c0, 0x0000023f963d4838]
Event: 630.039 Thread 0x0000023fa6cd1ad0 8093       1       org.eclipse.jdt.ls.core.internal.preferences.PreferenceManager::getPreferences (5 bytes)
Event: 630.039 Thread 0x0000023fa6cd1ad0 nmethod 8093 0x0000023f9dac1310 code [0x0000023f9dac14a0, 0x0000023f9dac1578]
Event: 630.042 Thread 0x0000023fa6cd1ad0 8096       1       org.eclipse.core.internal.resources.Project::isLinked (2 bytes)
Event: 630.042 Thread 0x0000023fa6cd1ad0 nmethod 8096 0x0000023f9dac1610 code [0x0000023f9dac17a0, 0x0000023f9dac1878]
Event: 630.050 Thread 0x0000023fa6cd1ad0 8097       1       org.eclipse.core.filesystem.provider.FileInfo::getLastModified (5 bytes)
Event: 630.050 Thread 0x0000023fa6cd1ad0 nmethod 8097 0x0000023f9dac1910 code [0x0000023f9dac1aa0, 0x0000023f9dac1b78]

GC Heap History (20 events):
Event: 59.639 GC heap before
{Heap before GC invocations=114 (full 8):
 PSYoungGen      total 38912K, used 38904K [0x00000000eab00000, 0x00000000ee200000, 0x0000000100000000)
  eden space 26624K, 100% used [0x00000000eab00000,0x00000000ec500000,0x00000000ec500000)
  from space 12288K, 99% used [0x00000000ed600000,0x00000000ee1fe010,0x00000000ee200000)
  to   space 14336K, 0% used [0x00000000ec600000,0x00000000ec600000,0x00000000ed400000)
 ParOldGen       total 286208K, used 265482K [0x00000000c0000000, 0x00000000d1780000, 0x00000000eab00000)
  object space 286208K, 92% used [0x00000000c0000000,0x00000000d0342820,0x00000000d1780000)
 Metaspace       used 65364K, committed 66368K, reserved 1114112K
  class space    used 7089K, committed 7488K, reserved 1048576K
}
Event: 59.658 GC heap after
{Heap after GC invocations=114 (full 8):
 PSYoungGen      total 41984K, used 14306K [0x00000000eab00000, 0x00000000eef00000, 0x0000000100000000)
  eden space 27648K, 0% used [0x00000000eab00000,0x00000000eab00000,0x00000000ec600000)
  from space 14336K, 99% used [0x00000000ec600000,0x00000000ed3f8998,0x00000000ed400000)
  to   space 20480K, 0% used [0x00000000edb00000,0x00000000edb00000,0x00000000eef00000)
 ParOldGen       total 286208K, used 270212K [0x00000000c0000000, 0x00000000d1780000, 0x00000000eab00000)
  object space 286208K, 94% used [0x00000000c0000000,0x00000000d07e10e0,0x00000000d1780000)
 Metaspace       used 65364K, committed 66368K, reserved 1114112K
  class space    used 7089K, committed 7488K, reserved 1048576K
}
Event: 59.878 GC heap before
{Heap before GC invocations=115 (full 8):
 PSYoungGen      total 41984K, used 41954K [0x00000000eab00000, 0x00000000eef00000, 0x0000000100000000)
  eden space 27648K, 100% used [0x00000000eab00000,0x00000000ec600000,0x00000000ec600000)
  from space 14336K, 99% used [0x00000000ec600000,0x00000000ed3f8998,0x00000000ed400000)
  to   space 20480K, 0% used [0x00000000edb00000,0x00000000edb00000,0x00000000eef00000)
 ParOldGen       total 286208K, used 270212K [0x00000000c0000000, 0x00000000d1780000, 0x00000000eab00000)
  object space 286208K, 94% used [0x00000000c0000000,0x00000000d07e10e0,0x00000000d1780000)
 Metaspace       used 65364K, committed 66368K, reserved 1114112K
  class space    used 7089K, committed 7488K, reserved 1048576K
}
Event: 59.902 GC heap after
{Heap after GC invocations=115 (full 8):
 PSYoungGen      total 47104K, used 17064K [0x00000000eab00000, 0x00000000eec00000, 0x0000000100000000)
  eden space 29696K, 0% used [0x00000000eab00000,0x00000000eab00000,0x00000000ec800000)
  from space 17408K, 98% used [0x00000000edb00000,0x00000000eebaa000,0x00000000eec00000)
  to   space 17920K, 0% used [0x00000000ec900000,0x00000000ec900000,0x00000000eda80000)
 ParOldGen       total 286208K, used 276212K [0x00000000c0000000, 0x00000000d1780000, 0x00000000eab00000)
  object space 286208K, 96% used [0x00000000c0000000,0x00000000d0dbd058,0x00000000d1780000)
 Metaspace       used 65364K, committed 66368K, reserved 1114112K
  class space    used 7089K, committed 7488K, reserved 1048576K
}
Event: 60.229 GC heap before
{Heap before GC invocations=116 (full 8):
 PSYoungGen      total 47104K, used 46760K [0x00000000eab00000, 0x00000000eec00000, 0x0000000100000000)
  eden space 29696K, 100% used [0x00000000eab00000,0x00000000ec800000,0x00000000ec800000)
  from space 17408K, 98% used [0x00000000edb00000,0x00000000eebaa000,0x00000000eec00000)
  to   space 17920K, 0% used [0x00000000ec900000,0x00000000ec900000,0x00000000eda80000)
 ParOldGen       total 286208K, used 276212K [0x00000000c0000000, 0x00000000d1780000, 0x00000000eab00000)
  object space 286208K, 96% used [0x00000000c0000000,0x00000000d0dbd058,0x00000000d1780000)
 Metaspace       used 65365K, committed 66368K, reserved 1114112K
  class space    used 7089K, committed 7488K, reserved 1048576K
}
Event: 60.248 GC heap after
{Heap after GC invocations=116 (full 8):
 PSYoungGen      total 48640K, used 17905K [0x00000000eab00000, 0x00000000f0280000, 0x0000000100000000)
  eden space 30720K, 0% used [0x00000000eab00000,0x00000000eab00000,0x00000000ec900000)
  from space 17920K, 99% used [0x00000000ec900000,0x00000000eda7c480,0x00000000eda80000)
  to   space 28672K, 0% used [0x00000000ee680000,0x00000000ee680000,0x00000000f0280000)
 ParOldGen       total 286208K, used 285053K [0x00000000c0000000, 0x00000000d1780000, 0x00000000eab00000)
  object space 286208K, 99% used [0x00000000c0000000,0x00000000d165f490,0x00000000d1780000)
 Metaspace       used 65365K, committed 66368K, reserved 1114112K
  class space    used 7089K, committed 7488K, reserved 1048576K
}
Event: 60.248 GC heap before
{Heap before GC invocations=117 (full 9):
 PSYoungGen      total 48640K, used 17905K [0x00000000eab00000, 0x00000000f0280000, 0x0000000100000000)
  eden space 30720K, 0% used [0x00000000eab00000,0x00000000eab00000,0x00000000ec900000)
  from space 17920K, 99% used [0x00000000ec900000,0x00000000eda7c480,0x00000000eda80000)
  to   space 28672K, 0% used [0x00000000ee680000,0x00000000ee680000,0x00000000f0280000)
 ParOldGen       total 286208K, used 285053K [0x00000000c0000000, 0x00000000d1780000, 0x00000000eab00000)
  object space 286208K, 99% used [0x00000000c0000000,0x00000000d165f490,0x00000000d1780000)
 Metaspace       used 65365K, committed 66368K, reserved 1114112K
  class space    used 7089K, committed 7488K, reserved 1048576K
}
Event: 60.826 GC heap after
{Heap after GC invocations=117 (full 9):
 PSYoungGen      total 48640K, used 14924K [0x00000000eab00000, 0x00000000f0380000, 0x0000000100000000)
  eden space 30720K, 0% used [0x00000000eab00000,0x00000000eab00000,0x00000000ec900000)
  from space 17920K, 83% used [0x00000000ec900000,0x00000000ed793390,0x00000000eda80000)
  to   space 28672K, 0% used [0x00000000ee780000,0x00000000ee780000,0x00000000f0380000)
 ParOldGen       total 359936K, used 285743K [0x00000000c0000000, 0x00000000d5f80000, 0x00000000eab00000)
  object space 359936K, 79% used [0x00000000c0000000,0x00000000d170bd80,0x00000000d5f80000)
 Metaspace       used 65365K, committed 66368K, reserved 1114112K
  class space    used 7089K, committed 7488K, reserved 1048576K
}
Event: 61.182 GC heap before
{Heap before GC invocations=118 (full 9):
 PSYoungGen      total 48640K, used 45644K [0x00000000eab00000, 0x00000000f0380000, 0x0000000100000000)
  eden space 30720K, 100% used [0x00000000eab00000,0x00000000ec900000,0x00000000ec900000)
  from space 17920K, 83% used [0x00000000ec900000,0x00000000ed793390,0x00000000eda80000)
  to   space 28672K, 0% used [0x00000000ee780000,0x00000000ee780000,0x00000000f0380000)
 ParOldGen       total 359936K, used 285743K [0x00000000c0000000, 0x00000000d5f80000, 0x00000000eab00000)
  object space 359936K, 79% used [0x00000000c0000000,0x00000000d170bd80,0x00000000d5f80000)
 Metaspace       used 65368K, committed 66368K, reserved 1114112K
  class space    used 7089K, committed 7488K, reserved 1048576K
}
Event: 61.246 GC heap after
{Heap after GC invocations=118 (full 9):
 PSYoungGen      total 55296K, used 22255K [0x00000000eab00000, 0x00000000efd80000, 0x0000000100000000)
  eden space 32768K, 0% used [0x00000000eab00000,0x00000000eab00000,0x00000000ecb00000)
  from space 22528K, 98% used [0x00000000ee780000,0x00000000efd3bd68,0x00000000efd80000)
  to   space 24064K, 0% used [0x00000000ece80000,0x00000000ece80000,0x00000000ee600000)
 ParOldGen       total 359936K, used 290817K [0x00000000c0000000, 0x00000000d5f80000, 0x00000000eab00000)
  object space 359936K, 80% used [0x00000000c0000000,0x00000000d1c00758,0x00000000d5f80000)
 Metaspace       used 65368K, committed 66368K, reserved 1114112K
  class space    used 7089K, committed 7488K, reserved 1048576K
}
Event: 62.068 GC heap before
{Heap before GC invocations=119 (full 9):
 PSYoungGen      total 55296K, used 54459K [0x00000000eab00000, 0x00000000efd80000, 0x0000000100000000)
  eden space 32768K, 98% used [0x00000000eab00000,0x00000000eca72fa0,0x00000000ecb00000)
  from space 22528K, 98% used [0x00000000ee780000,0x00000000efd3bd68,0x00000000efd80000)
  to   space 24064K, 0% used [0x00000000ece80000,0x00000000ece80000,0x00000000ee600000)
 ParOldGen       total 359936K, used 290817K [0x00000000c0000000, 0x00000000d5f80000, 0x00000000eab00000)
  object space 359936K, 80% used [0x00000000c0000000,0x00000000d1c00758,0x00000000d5f80000)
 Metaspace       used 65389K, committed 66368K, reserved 1114112K
  class space    used 7090K, committed 7488K, reserved 1048576K
}
Event: 62.104 GC heap after
{Heap after GC invocations=119 (full 9):
 PSYoungGen      total 59392K, used 24050K [0x00000000eab00000, 0x00000000f1e80000, 0x0000000100000000)
  eden space 35328K, 0% used [0x00000000eab00000,0x00000000eab00000,0x00000000ecd80000)
  from space 24064K, 99% used [0x00000000ece80000,0x00000000ee5fc820,0x00000000ee600000)
  to   space 41472K, 0% used [0x00000000ef600000,0x00000000ef600000,0x00000000f1e80000)
 ParOldGen       total 359936K, used 305171K [0x00000000c0000000, 0x00000000d5f80000, 0x00000000eab00000)
  object space 359936K, 84% used [0x00000000c0000000,0x00000000d2a04e90,0x00000000d5f80000)
 Metaspace       used 65389K, committed 66368K, reserved 1114112K
  class space    used 7090K, committed 7488K, reserved 1048576K
}
Event: 63.354 GC heap before
{Heap before GC invocations=120 (full 9):
 PSYoungGen      total 59392K, used 59378K [0x00000000eab00000, 0x00000000f1e80000, 0x0000000100000000)
  eden space 35328K, 100% used [0x00000000eab00000,0x00000000ecd80000,0x00000000ecd80000)
  from space 24064K, 99% used [0x00000000ece80000,0x00000000ee5fc820,0x00000000ee600000)
  to   space 41472K, 0% used [0x00000000ef600000,0x00000000ef600000,0x00000000f1e80000)
 ParOldGen       total 359936K, used 305171K [0x00000000c0000000, 0x00000000d5f80000, 0x00000000eab00000)
  object space 359936K, 84% used [0x00000000c0000000,0x00000000d2a04e90,0x00000000d5f80000)
 Metaspace       used 65437K, committed 66432K, reserved 1114112K
  class space    used 7098K, committed 7488K, reserved 1048576K
}
Event: 63.419 GC heap after
{Heap after GC invocations=120 (full 9):
 PSYoungGen      total 59392K, used 41444K [0x00000000eab00000, 0x00000000f4000000, 0x0000000100000000)
  eden space 17920K, 0% used [0x00000000eab00000,0x00000000eab00000,0x00000000ebc80000)
  from space 41472K, 99% used [0x00000000ef600000,0x00000000f1e79030,0x00000000f1e80000)
  to   space 58880K, 0% used [0x00000000ebc80000,0x00000000ebc80000,0x00000000ef600000)
 ParOldGen       total 359936K, used 318769K [0x00000000c0000000, 0x00000000d5f80000, 0x00000000eab00000)
  object space 359936K, 88% used [0x00000000c0000000,0x00000000d374c6b0,0x00000000d5f80000)
 Metaspace       used 65437K, committed 66432K, reserved 1114112K
  class space    used 7098K, committed 7488K, reserved 1048576K
}
Event: 65.311 GC heap before
{Heap before GC invocations=121 (full 9):
 PSYoungGen      total 59392K, used 59364K [0x00000000eab00000, 0x00000000f4000000, 0x0000000100000000)
  eden space 17920K, 100% used [0x00000000eab00000,0x00000000ebc80000,0x00000000ebc80000)
  from space 41472K, 99% used [0x00000000ef600000,0x00000000f1e79030,0x00000000f1e80000)
  to   space 58880K, 0% used [0x00000000ebc80000,0x00000000ebc80000,0x00000000ef600000)
 ParOldGen       total 359936K, used 318769K [0x00000000c0000000, 0x00000000d5f80000, 0x00000000eab00000)
  object space 359936K, 88% used [0x00000000c0000000,0x00000000d374c6b0,0x00000000d5f80000)
 Metaspace       used 65513K, committed 66496K, reserved 1114112K
  class space    used 7100K, committed 7488K, reserved 1048576K
}
Event: 65.350 GC heap after
{Heap after GC invocations=121 (full 9):
 PSYoungGen      total 46592K, used 28577K [0x00000000eab00000, 0x00000000f0780000, 0x0000000100000000)
  eden space 17920K, 0% used [0x00000000eab00000,0x00000000eab00000,0x00000000ebc80000)
  from space 28672K, 99% used [0x00000000ebc80000,0x00000000ed868568,0x00000000ed880000)
  to   space 38400K, 0% used [0x00000000ee200000,0x00000000ee200000,0x00000000f0780000)
 ParOldGen       total 359936K, used 331332K [0x00000000c0000000, 0x00000000d5f80000, 0x00000000eab00000)
  object space 359936K, 92% used [0x00000000c0000000,0x00000000d4391270,0x00000000d5f80000)
 Metaspace       used 65513K, committed 66496K, reserved 1114112K
  class space    used 7100K, committed 7488K, reserved 1048576K
}
Event: 65.452 GC heap before
{Heap before GC invocations=122 (full 9):
 PSYoungGen      total 46592K, used 46497K [0x00000000eab00000, 0x00000000f0780000, 0x0000000100000000)
  eden space 17920K, 100% used [0x00000000eab00000,0x00000000ebc80000,0x00000000ebc80000)
  from space 28672K, 99% used [0x00000000ebc80000,0x00000000ed868568,0x00000000ed880000)
  to   space 38400K, 0% used [0x00000000ee200000,0x00000000ee200000,0x00000000f0780000)
 ParOldGen       total 359936K, used 331332K [0x00000000c0000000, 0x00000000d5f80000, 0x00000000eab00000)
  object space 359936K, 92% used [0x00000000c0000000,0x00000000d4391270,0x00000000d5f80000)
 Metaspace       used 65561K, committed 66560K, reserved 1114112K
  class space    used 7104K, committed 7488K, reserved 1048576K
}
Event: 65.484 GC heap after
{Heap after GC invocations=122 (full 9):
 PSYoungGen      total 56832K, used 36156K [0x00000000eab00000, 0x00000000f0800000, 0x0000000100000000)
  eden space 18432K, 0% used [0x00000000eab00000,0x00000000eab00000,0x00000000ebd00000)
  from space 38400K, 94% used [0x00000000ee200000,0x00000000f054f110,0x00000000f0780000)
  to   space 37888K, 0% used [0x00000000ebd00000,0x00000000ebd00000,0x00000000ee200000)
 ParOldGen       total 359936K, used 331332K [0x00000000c0000000, 0x00000000d5f80000, 0x00000000eab00000)
  object space 359936K, 92% used [0x00000000c0000000,0x00000000d4391270,0x00000000d5f80000)
 Metaspace       used 65561K, committed 66560K, reserved 1114112K
  class space    used 7104K, committed 7488K, reserved 1048576K
}
Event: 629.626 GC heap before
{Heap before GC invocations=123 (full 9):
 PSYoungGen      total 56832K, used 54588K [0x00000000eab00000, 0x00000000f0800000, 0x0000000100000000)
  eden space 18432K, 99% used [0x00000000eab00000,0x00000000ebcffff8,0x00000000ebd00000)
  from space 38400K, 94% used [0x00000000ee200000,0x00000000f054f110,0x00000000f0780000)
  to   space 37888K, 0% used [0x00000000ebd00000,0x00000000ebd00000,0x00000000ee200000)
 ParOldGen       total 359936K, used 331332K [0x00000000c0000000, 0x00000000d5f80000, 0x00000000eab00000)
  object space 359936K, 92% used [0x00000000c0000000,0x00000000d4391270,0x00000000d5f80000)
 Metaspace       used 65712K, committed 66688K, reserved 1114112K
  class space    used 7118K, committed 7488K, reserved 1048576K
}
Event: 629.663 GC heap after
{Heap after GC invocations=123 (full 9):
 PSYoungGen      total 52224K, used 33545K [0x00000000eab00000, 0x00000000f0100000, 0x0000000100000000)
  eden space 18432K, 0% used [0x00000000eab00000,0x00000000eab00000,0x00000000ebd00000)
  from space 33792K, 99% used [0x00000000ebd00000,0x00000000eddc2520,0x00000000ede00000)
  to   space 34816K, 0% used [0x00000000edf00000,0x00000000edf00000,0x00000000f0100000)
 ParOldGen       total 359936K, used 331340K [0x00000000c0000000, 0x00000000d5f80000, 0x00000000eab00000)
  object space 359936K, 92% used [0x00000000c0000000,0x00000000d4393270,0x00000000d5f80000)
 Metaspace       used 65712K, committed 66688K, reserved 1114112K
  class space    used 7118K, committed 7488K, reserved 1048576K
}

Dll operation events (13 events):
Event: 0.533 Loaded shared library c:\Users\Vinicius\.vscode\extensions\redhat.java-1.16.0-win32-x64\jre\17.0.6-win32-x86_64\bin\java.dll
Event: 2.405 Loaded shared library c:\Users\Vinicius\.vscode\extensions\redhat.java-1.16.0-win32-x64\jre\17.0.6-win32-x86_64\bin\zip.dll
Event: 2.469 Loaded shared library C:\Users\Vinicius\.vscode\extensions\redhat.java-1.16.0-win32-x64\jre\17.0.6-win32-x86_64\bin\instrument.dll
Event: 2.697 Loaded shared library C:\Users\Vinicius\.vscode\extensions\redhat.java-1.16.0-win32-x64\jre\17.0.6-win32-x86_64\bin\net.dll
Event: 2.752 Loaded shared library C:\Users\Vinicius\.vscode\extensions\redhat.java-1.16.0-win32-x64\jre\17.0.6-win32-x86_64\bin\nio.dll
Event: 2.783 Loaded shared library C:\Users\Vinicius\.vscode\extensions\redhat.java-1.16.0-win32-x64\jre\17.0.6-win32-x86_64\bin\zip.dll
Event: 2.909 Loaded shared library C:\Users\Vinicius\.vscode\extensions\redhat.java-1.16.0-win32-x64\jre\17.0.6-win32-x86_64\bin\jimage.dll
Event: 3.191 Loaded shared library c:\Users\Vinicius\.vscode\extensions\redhat.java-1.16.0-win32-x64\jre\17.0.6-win32-x86_64\bin\verify.dll
Event: 8.131 Loaded shared library C:\Users\Vinicius\AppData\Roaming\Code\User\globalStorage\redhat.java\1.16.0\config_win\org.eclipse.equinox.launcher\org.eclipse.equinox.launcher.win32.win32.x86_64_1.2.700.v20221108-1024\eclipse_11801.dll
Event: 16.458 Loaded shared library C:\Users\Vinicius\.vscode\extensions\redhat.java-1.16.0-win32-x64\jre\17.0.6-win32-x86_64\bin\management.dll
Event: 16.464 Loaded shared library C:\Users\Vinicius\.vscode\extensions\redhat.java-1.16.0-win32-x64\jre\17.0.6-win32-x86_64\bin\management_ext.dll
Event: 22.841 Loaded shared library C:\Users\Vinicius\AppData\Local\Temp\jna-1505669714\jna4315479674042927335.dll
Event: 29.374 Loaded shared library C:\Users\Vinicius\.vscode\extensions\redhat.java-1.16.0-win32-x64\jre\17.0.6-win32-x86_64\bin\sunmscapi.dll

Deoptimization events (20 events):
Event: 337.187 Thread 0x0000023fa89c49b0 Uncommon trap: trap_request=0xffffffde fr.pc=0x0000023f9d8e7780 relative=0x0000000000000440
Event: 337.187 Thread 0x0000023fa89c49b0 Uncommon trap: reason=class_check action=maybe_recompile pc=0x0000023f9d8e7780 method=java.io.DataOutputStream.writeInt(I)V @ 53 c2
Event: 337.187 Thread 0x0000023fa89c49b0 DEOPT PACKING pc=0x0000023f9d8e7780 sp=0x000000f33e3fea70
Event: 337.187 Thread 0x0000023fa89c49b0 DEOPT UNPACKING pc=0x0000023f9d06669d sp=0x000000f33e3fea28 mode 2
Event: 629.544 Thread 0x0000023fa89c4010 Uncommon trap: trap_request=0xffffffc6 fr.pc=0x0000023f9d814efc relative=0x0000000000000f3c
Event: 629.544 Thread 0x0000023fa89c4010 Uncommon trap: reason=bimorphic_or_optimized_type_check action=maybe_recompile pc=0x0000023f9d814efc method=java.util.TreeMap.put(Ljava/lang/Object;Ljava/lang/Object;Z)Ljava/lang/Object; @ 42 c2
Event: 629.544 Thread 0x0000023fa89c4010 DEOPT PACKING pc=0x0000023f9d814efc sp=0x000000f33eafd5d0
Event: 629.544 Thread 0x0000023fa89c4010 DEOPT UNPACKING pc=0x0000023f9d06669d sp=0x000000f33eafd560 mode 2
Event: 629.702 Thread 0x0000023fa89c4010 Uncommon trap: trap_request=0xffffff45 fr.pc=0x0000023f9d9bf4f8 relative=0x00000000000066d8
Event: 629.702 Thread 0x0000023fa89c4010 Uncommon trap: reason=unstable_if action=reinterpret pc=0x0000023f9d9bf4f8 method=org.eclipse.jdt.internal.core.Openable.exists()Z @ 16 c2
Event: 629.702 Thread 0x0000023fa89c4010 DEOPT PACKING pc=0x0000023f9d9bf4f8 sp=0x000000f33eafd240
Event: 629.702 Thread 0x0000023fa89c4010 DEOPT UNPACKING pc=0x0000023f9d06669d sp=0x000000f33eafd2b8 mode 2
Event: 629.967 Thread 0x0000023fa89c2800 Uncommon trap: trap_request=0xffffff45 fr.pc=0x0000023f9d7acc9c relative=0x0000000000000a5c
Event: 629.967 Thread 0x0000023fa89c2800 Uncommon trap: reason=unstable_if action=reinterpret pc=0x0000023f9d7acc9c method=org.eclipse.jdt.core.compiler.CharOperation.splitOn(C[C)[[C @ 12 c2
Event: 629.967 Thread 0x0000023fa89c2800 DEOPT PACKING pc=0x0000023f9d7acc9c sp=0x000000f33e9fe8f0
Event: 629.967 Thread 0x0000023fa89c2800 DEOPT UNPACKING pc=0x0000023f9d06669d sp=0x000000f33e9fe8b0 mode 2
Event: 629.970 Thread 0x0000023fa89c2800 Uncommon trap: trap_request=0xffffff76 fr.pc=0x0000023f9d91a804 relative=0x00000000000011c4
Event: 629.970 Thread 0x0000023fa89c2800 Uncommon trap: reason=predicate action=maybe_recompile pc=0x0000023f9d91a804 method=java.util.TimSort.reverseRange([Ljava/lang/Object;II)V @ 5 c2
Event: 629.970 Thread 0x0000023fa89c2800 DEOPT PACKING pc=0x0000023f9d91a804 sp=0x000000f33e9fe770
Event: 629.970 Thread 0x0000023fa89c2800 DEOPT UNPACKING pc=0x0000023f9d06669d sp=0x000000f33e9fe610 mode 2

Classes unloaded (7 events):
Event: 16.758 Thread 0x0000023f92f111a0 Unloading class 0x0000000100222400 'java/lang/invoke/LambdaForm$MH+0x0000000100222400'
Event: 16.758 Thread 0x0000023f92f111a0 Unloading class 0x0000000100222000 'java/lang/invoke/LambdaForm$MH+0x0000000100222000'
Event: 16.758 Thread 0x0000023f92f111a0 Unloading class 0x0000000100221c00 'java/lang/invoke/LambdaForm$MH+0x0000000100221c00'
Event: 16.758 Thread 0x0000023f92f111a0 Unloading class 0x0000000100221400 'java/lang/invoke/LambdaForm$MH+0x0000000100221400'
Event: 16.758 Thread 0x0000023f92f111a0 Unloading class 0x0000000100221000 'java/lang/invoke/LambdaForm$BMH+0x0000000100221000'
Event: 16.758 Thread 0x0000023f92f111a0 Unloading class 0x0000000100220c00 'java/lang/invoke/LambdaForm$DMH+0x0000000100220c00'
Event: 16.758 Thread 0x0000023f92f111a0 Unloading class 0x000000010021e000 'java/lang/invoke/LambdaForm$DMH+0x000000010021e000'

Classes redefined (0 events):
No events

Internal exceptions (20 events):
Event: 45.535 Thread 0x0000023fac30f0e0 Exception <a 'java/lang/NoSuchMethodError'{0x00000000eb273b20}: 'int java.lang.invoke.DirectMethodHandle$Holder.invokeSpecialIFC(java.lang.Object, java.lang.Object, java.lang.Object, java.lang.Object)'> (0x00000000eb273b20) 
thrown [s\src\hotspot\share\interpreter\linkResolver.cpp, line 759]
Event: 65.093 Thread 0x0000023fa89c3b40 Exception <a 'sun/nio/fs/WindowsException'{0x00000000ebc7ac10}> (0x00000000ebc7ac10) 
thrown [s\src\hotspot\share\prims\jni.cpp, line 516]
Event: 629.855 Thread 0x0000023fa89c2800 Exception <a 'sun/nio/fs/WindowsException'{0x00000000eb17e1c0}> (0x00000000eb17e1c0) 
thrown [s\src\hotspot\share\prims\jni.cpp, line 516]
Event: 629.874 Thread 0x0000023fa89c2800 Exception <a 'sun/nio/fs/WindowsException'{0x00000000eb18fc88}> (0x00000000eb18fc88) 
thrown [s\src\hotspot\share\prims\jni.cpp, line 516]
Event: 629.880 Thread 0x0000023fa89c2800 Exception <a 'sun/nio/fs/WindowsException'{0x00000000eb1a4178}> (0x00000000eb1a4178) 
thrown [s\src\hotspot\share\prims\jni.cpp, line 516]
Event: 629.891 Thread 0x0000023fa89c2800 Exception <a 'sun/nio/fs/WindowsException'{0x00000000eb1b9b68}> (0x00000000eb1b9b68) 
thrown [s\src\hotspot\share\prims\jni.cpp, line 516]
Event: 629.894 Thread 0x0000023fa89c2800 Exception <a 'sun/nio/fs/WindowsException'{0x00000000eb1c0788}> (0x00000000eb1c0788) 
thrown [s\src\hotspot\share\prims\jni.cpp, line 516]
Event: 629.904 Thread 0x0000023fa89c2800 Exception <a 'sun/nio/fs/WindowsException'{0x00000000eb1dc5c0}> (0x00000000eb1dc5c0) 
thrown [s\src\hotspot\share\prims\jni.cpp, line 516]
Event: 629.906 Thread 0x0000023fa89c2800 Exception <a 'sun/nio/fs/WindowsException'{0x00000000eb1e36b0}> (0x00000000eb1e36b0) 
thrown [s\src\hotspot\share\prims\jni.cpp, line 516]
Event: 629.908 Thread 0x0000023fa89c2800 Exception <a 'sun/nio/fs/WindowsException'{0x00000000eb1ea248}> (0x00000000eb1ea248) 
thrown [s\src\hotspot\share\prims\jni.cpp, line 516]
Event: 629.915 Thread 0x0000023fa89c2800 Exception <a 'sun/nio/fs/WindowsException'{0x00000000eb205f28}> (0x00000000eb205f28) 
thrown [s\src\hotspot\share\prims\jni.cpp, line 516]
Event: 629.917 Thread 0x0000023fa89c2800 Exception <a 'sun/nio/fs/WindowsException'{0x00000000eb20d058}> (0x00000000eb20d058) 
thrown [s\src\hotspot\share\prims\jni.cpp, line 516]
Event: 629.919 Thread 0x0000023fa89c2800 Exception <a 'sun/nio/fs/WindowsException'{0x00000000eb213bf0}> (0x00000000eb213bf0) 
thrown [s\src\hotspot\share\prims\jni.cpp, line 516]
Event: 629.929 Thread 0x0000023fa89c2800 Exception <a 'sun/nio/fs/WindowsException'{0x00000000eb22fa20}> (0x00000000eb22fa20) 
thrown [s\src\hotspot\share\prims\jni.cpp, line 516]
Event: 629.931 Thread 0x0000023fa89c2800 Exception <a 'sun/nio/fs/WindowsException'{0x00000000eb236bc8}> (0x00000000eb236bc8) 
thrown [s\src\hotspot\share\prims\jni.cpp, line 516]
Event: 629.934 Thread 0x0000023fa89c2800 Exception <a 'sun/nio/fs/WindowsException'{0x00000000eb23d800}> (0x00000000eb23d800) 
thrown [s\src\hotspot\share\prims\jni.cpp, line 516]
Event: 629.948 Thread 0x0000023fa89c2800 Exception <a 'sun/nio/fs/WindowsException'{0x00000000eb251290}> (0x00000000eb251290) 
thrown [s\src\hotspot\share\prims\jni.cpp, line 516]
Event: 629.955 Thread 0x0000023fa89c2800 Exception <a 'sun/nio/fs/WindowsException'{0x00000000eb265400}> (0x00000000eb265400) 
thrown [s\src\hotspot\share\prims\jni.cpp, line 516]
Event: 629.958 Thread 0x0000023fa89c2800 Exception <a 'sun/nio/fs/WindowsException'{0x00000000eb26c440}> (0x00000000eb26c440) 
thrown [s\src\hotspot\share\prims\jni.cpp, line 516]
Event: 629.960 Thread 0x0000023fa89c2800 Exception <a 'sun/nio/fs/WindowsException'{0x00000000eb272580}> (0x00000000eb272580) 
thrown [s\src\hotspot\share\prims\jni.cpp, line 516]

VM Operations (20 events):
Event: 65.310 Executing VM operation: ParallelGCFailedAllocation
Event: 65.350 Executing VM operation: ParallelGCFailedAllocation done
Event: 65.452 Executing VM operation: ParallelGCFailedAllocation
Event: 65.484 Executing VM operation: ParallelGCFailedAllocation done
Event: 65.643 Executing VM operation: HandshakeAllThreads
Event: 65.643 Executing VM operation: HandshakeAllThreads done
Event: 65.644 Executing VM operation: HandshakeAllThreads
Event: 65.644 Executing VM operation: HandshakeAllThreads done
Event: 66.650 Executing VM operation: Cleanup
Event: 66.650 Executing VM operation: Cleanup done
Event: 69.673 Executing VM operation: Cleanup
Event: 69.673 Executing VM operation: Cleanup done
Event: 134.336 Executing VM operation: Cleanup
Event: 134.336 Executing VM operation: Cleanup done
Event: 337.839 Executing VM operation: Cleanup
Event: 337.840 Executing VM operation: Cleanup done
Event: 629.515 Executing VM operation: HandshakeAllThreads
Event: 629.515 Executing VM operation: HandshakeAllThreads done
Event: 629.626 Executing VM operation: ParallelGCFailedAllocation
Event: 629.663 Executing VM operation: ParallelGCFailedAllocation done

Events (20 events):
Event: 125.667 Thread 0x0000023fa89c2cd0 Thread exited: 0x0000023fa89c2cd0
Event: 125.684 Thread 0x0000023fa89c31a0 Thread exited: 0x0000023fa89c31a0
Event: 182.579 Thread 0x0000023fac30f0e0 Thread exited: 0x0000023fac30f0e0
Event: 242.581 Thread 0x0000023fac310420 Thread exited: 0x0000023fac310420
Event: 302.595 Thread 0x0000023fac3108f0 Thread exited: 0x0000023fac3108f0
Event: 337.181 Thread 0x0000023fac30ca60 Thread added: 0x0000023fac30ca60
Event: 337.182 Thread 0x0000023fac30c590 Thread added: 0x0000023fac30c590
Event: 337.182 Thread 0x0000023fac30a8b0 Thread added: 0x0000023fac30a8b0
Event: 337.183 Thread 0x0000023fac30a8b0 Thread exited: 0x0000023fac30a8b0
Event: 337.183 Thread 0x0000023fac30ca60 Thread exited: 0x0000023fac30ca60
Event: 337.183 Thread 0x0000023fac30c590 Thread exited: 0x0000023fac30c590
Event: 337.341 Thread 0x0000023fac30d400 Thread added: 0x0000023fac30d400
Event: 397.358 Thread 0x0000023fa89c49b0 Thread exited: 0x0000023fa89c49b0
Event: 629.492 loading class java/util/stream/DistinctOps
Event: 629.511 loading class java/util/stream/DistinctOps done
Event: 629.512 loading class java/util/stream/DistinctOps$1
Event: 629.512 loading class java/util/stream/DistinctOps$1 done
Event: 629.516 loading class java/util/stream/DistinctOps$1$2
Event: 629.516 loading class java/util/stream/DistinctOps$1$2 done
Event: 629.625 Thread 0x0000023fa8a31720 Thread added: 0x0000023fa8a31720


Dynamic libraries:
0x00007ff664440000 - 0x00007ff66444e000 	c:\Users\Vinicius\.vscode\extensions\redhat.java-1.16.0-win32-x64\jre\17.0.6-win32-x86_64\bin\java.exe
0x00007ffcafc10000 - 0x00007ffcafe05000 	C:\Windows\SYSTEM32\ntdll.dll
0x00007ffcaeeb0000 - 0x00007ffcaef6d000 	C:\Windows\System32\KERNEL32.DLL
0x00007ffcad5e0000 - 0x00007ffcad8a9000 	C:\Windows\System32\KERNELBASE.dll
0x00007ffcadbb0000 - 0x00007ffcadcb0000 	C:\Windows\System32\ucrtbase.dll
0x00007ffc93cc0000 - 0x00007ffc93cd7000 	c:\Users\Vinicius\.vscode\extensions\redhat.java-1.16.0-win32-x64\jre\17.0.6-win32-x86_64\bin\jli.dll
0x00007ffcae330000 - 0x00007ffcae4d0000 	C:\Windows\System32\USER32.dll
0x00007ffcad390000 - 0x00007ffcad3b2000 	C:\Windows\System32\win32u.dll
0x00007ffcae4d0000 - 0x00007ffcae4fa000 	C:\Windows\System32\GDI32.dll
0x00007ffcad940000 - 0x00007ffcada4b000 	C:\Windows\System32\gdi32full.dll
0x00007ffcad3c0000 - 0x00007ffcad45d000 	C:\Windows\System32\msvcp_win.dll
0x00007ffc938a0000 - 0x00007ffc938b9000 	c:\Users\Vinicius\.vscode\extensions\redhat.java-1.16.0-win32-x64\jre\17.0.6-win32-x86_64\bin\VCRUNTIME140.dll
0x00007ffc9dea0000 - 0x00007ffc9e13a000 	C:\Windows\WinSxS\amd64_microsoft.windows.common-controls_6595b64144ccf1df_6.0.19041.844_none_ca00b6081b84eb1d\COMCTL32.dll
0x00007ffcae910000 - 0x00007ffcae9ae000 	C:\Windows\System32\msvcrt.dll
0x00007ffcadcb0000 - 0x00007ffcadce0000 	C:\Windows\System32\IMM32.DLL
0x00007ffcaf9a0000 - 0x00007ffcafacb000 	C:\Windows\System32\RPCRT4.dll
0x00007ffcad250000 - 0x00007ffcad28c000 	C:\Windows\SYSTEM32\SspiCli.dll
0x00007ffc9fe50000 - 0x00007ffc9fe5c000 	c:\Users\Vinicius\.vscode\extensions\redhat.java-1.16.0-win32-x64\jre\17.0.6-win32-x86_64\bin\vcruntime140_1.dll
0x00007ffc69970000 - 0x00007ffc69a01000 	c:\Users\Vinicius\.vscode\extensions\redhat.java-1.16.0-win32-x64\jre\17.0.6-win32-x86_64\bin\msvcp140.dll
0x00007ffc66190000 - 0x00007ffc66dd7000 	c:\Users\Vinicius\.vscode\extensions\redhat.java-1.16.0-win32-x64\jre\17.0.6-win32-x86_64\bin\server\jvm.dll
0x00007ffcae7e0000 - 0x00007ffcae88c000 	C:\Windows\System32\ADVAPI32.dll
0x00007ffcaf0a0000 - 0x00007ffcaf13c000 	C:\Windows\System32\sechost.dll
0x00007ffc9f2a0000 - 0x00007ffc9f2a9000 	C:\Windows\SYSTEM32\WSOCK32.dll
0x00007ffcae760000 - 0x00007ffcae7cb000 	C:\Windows\System32\WS2_32.dll
0x00007ffc8d9c0000 - 0x00007ffc8d9e7000 	C:\Windows\SYSTEM32\WINMM.dll
0x00007ffc9ebe0000 - 0x00007ffc9ebea000 	C:\Windows\SYSTEM32\VERSION.dll
0x00007ffcab2f0000 - 0x00007ffcab302000 	C:\Windows\SYSTEM32\kernel.appcore.dll
0x00007ffc9ec40000 - 0x00007ffc9ec4a000 	c:\Users\Vinicius\.vscode\extensions\redhat.java-1.16.0-win32-x64\jre\17.0.6-win32-x86_64\bin\jimage.dll
0x00007ffc99340000 - 0x00007ffc99524000 	C:\Windows\SYSTEM32\DBGHELP.DLL
0x00007ffc99310000 - 0x00007ffc9933c000 	C:\Windows\SYSTEM32\dbgcore.DLL
0x00007ffcad510000 - 0x00007ffcad590000 	C:\Windows\System32\bcryptPrimitives.dll
0x00007ffc95760000 - 0x00007ffc9576e000 	c:\Users\Vinicius\.vscode\extensions\redhat.java-1.16.0-win32-x64\jre\17.0.6-win32-x86_64\bin\instrument.dll
0x00007ffc6a910000 - 0x00007ffc6a935000 	c:\Users\Vinicius\.vscode\extensions\redhat.java-1.16.0-win32-x64\jre\17.0.6-win32-x86_64\bin\java.dll
0x00007ffc90af0000 - 0x00007ffc90b08000 	c:\Users\Vinicius\.vscode\extensions\redhat.java-1.16.0-win32-x64\jre\17.0.6-win32-x86_64\bin\zip.dll
0x00007ffcaf140000 - 0x00007ffcaf882000 	C:\Windows\System32\SHELL32.dll
0x00007ffcab4f0000 - 0x00007ffcabc80000 	C:\Windows\SYSTEM32\windows.storage.dll
0x00007ffcaddb0000 - 0x00007ffcae105000 	C:\Windows\System32\combase.dll
0x00007ffcace00000 - 0x00007ffcace2c000 	C:\Windows\SYSTEM32\Wldp.dll
0x00007ffcaf8f0000 - 0x00007ffcaf99e000 	C:\Windows\System32\SHCORE.dll
0x00007ffcae110000 - 0x00007ffcae165000 	C:\Windows\System32\shlwapi.dll
0x00007ffcad2d0000 - 0x00007ffcad2ef000 	C:\Windows\SYSTEM32\profapi.dll
0x00007ffc903f0000 - 0x00007ffc90409000 	C:\Users\Vinicius\.vscode\extensions\redhat.java-1.16.0-win32-x64\jre\17.0.6-win32-x86_64\bin\net.dll
0x00007ffca1270000 - 0x00007ffca137c000 	C:\Windows\SYSTEM32\WINHTTP.dll
0x00007ffcacb80000 - 0x00007ffcacbea000 	C:\Windows\system32\mswsock.dll
0x00007ffc6a8f0000 - 0x00007ffc6a905000 	C:\Users\Vinicius\.vscode\extensions\redhat.java-1.16.0-win32-x64\jre\17.0.6-win32-x86_64\bin\nio.dll
0x00007ffc93cb0000 - 0x00007ffc93cc0000 	c:\Users\Vinicius\.vscode\extensions\redhat.java-1.16.0-win32-x64\jre\17.0.6-win32-x86_64\bin\verify.dll
0x00007ffc69930000 - 0x00007ffc6996e000 	C:\Users\Vinicius\AppData\Roaming\Code\User\globalStorage\redhat.java\1.16.0\config_win\org.eclipse.equinox.launcher\org.eclipse.equinox.launcher.win32.win32.x86_64_1.2.700.v20221108-1024\eclipse_11801.dll
0x00007ffcae500000 - 0x00007ffcae62a000 	C:\Windows\System32\ole32.dll
0x00007ffc93c80000 - 0x00007ffc93c89000 	C:\Users\Vinicius\.vscode\extensions\redhat.java-1.16.0-win32-x64\jre\17.0.6-win32-x86_64\bin\management.dll
0x00007ffc8d9f0000 - 0x00007ffc8d9fb000 	C:\Users\Vinicius\.vscode\extensions\redhat.java-1.16.0-win32-x64\jre\17.0.6-win32-x86_64\bin\management_ext.dll
0x00007ffcae7d0000 - 0x00007ffcae7d8000 	C:\Windows\System32\PSAPI.DLL
0x00007ffcacd50000 - 0x00007ffcacd68000 	C:\Windows\SYSTEM32\CRYPTSP.dll
0x00007ffcac4b0000 - 0x00007ffcac4e4000 	C:\Windows\system32\rsaenh.dll
0x00007ffcad8b0000 - 0x00007ffcad8d7000 	C:\Windows\System32\bcrypt.dll
0x00007ffcad290000 - 0x00007ffcad2be000 	C:\Windows\SYSTEM32\USERENV.dll
0x00007ffcacd70000 - 0x00007ffcacd7c000 	C:\Windows\SYSTEM32\CRYPTBASE.dll
0x00007ffcac820000 - 0x00007ffcac85b000 	C:\Windows\SYSTEM32\IPHLPAPI.DLL
0x00007ffcaf090000 - 0x00007ffcaf098000 	C:\Windows\System32\NSI.dll
0x00007ffca2b90000 - 0x00007ffca2ba7000 	C:\Windows\SYSTEM32\dhcpcsvc6.DLL
0x00007ffca2b70000 - 0x00007ffca2b8d000 	C:\Windows\SYSTEM32\dhcpcsvc.DLL
0x00007ffcac870000 - 0x00007ffcac93b000 	C:\Windows\SYSTEM32\DNSAPI.dll
0x00007ffc67c70000 - 0x00007ffc67cb5000 	C:\Users\Vinicius\AppData\Local\Temp\jna-1505669714\jna4315479674042927335.dll
0x00007ffc8d160000 - 0x00007ffc8d16e000 	C:\Users\Vinicius\.vscode\extensions\redhat.java-1.16.0-win32-x64\jre\17.0.6-win32-x86_64\bin\sunmscapi.dll
0x00007ffcada50000 - 0x00007ffcadbaf000 	C:\Windows\System32\CRYPT32.dll
0x00007ffcace70000 - 0x00007ffcace97000 	C:\Windows\SYSTEM32\ncrypt.dll
0x00007ffcace30000 - 0x00007ffcace6b000 	C:\Windows\SYSTEM32\NTASN1.dll
0x00007ffca1240000 - 0x00007ffca124a000 	C:\Windows\System32\rasadhlp.dll
0x00007ffca1160000 - 0x00007ffca11df000 	C:\Windows\System32\fwpuclnt.dll

dbghelp: loaded successfully - version: 4.0.5 - missing functions: none
symbol engine: initialized successfully - sym options: 0x614 - pdb path: .;c:\Users\Vinicius\.vscode\extensions\redhat.java-1.16.0-win32-x64\jre\17.0.6-win32-x86_64\bin;C:\Windows\SYSTEM32;C:\Windows\WinSxS\amd64_microsoft.windows.common-controls_6595b64144ccf1df_6.0.19041.844_none_ca00b6081b84eb1d;c:\Users\Vinicius\.vscode\extensions\redhat.java-1.16.0-win32-x64\jre\17.0.6-win32-x86_64\bin\server;C:\Users\Vinicius\AppData\Roaming\Code\User\globalStorage\redhat.java\1.16.0\config_win\org.eclipse.equinox.launcher\org.eclipse.equinox.launcher.win32.win32.x86_64_1.2.700.v20221108-1024;C:\Users\Vinicius\AppData\Local\Temp\jna-1505669714

VM Arguments:
jvm_args: --add-modules=ALL-SYSTEM --add-opens=java.base/java.util=ALL-UNNAMED --add-opens=java.base/java.lang=ALL-UNNAMED --add-opens=java.base/sun.nio.fs=ALL-UNNAMED -Declipse.application=org.eclipse.jdt.ls.core.id1 -Dosgi.bundles.defaultStartLevel=4 -Declipse.product=org.eclipse.jdt.ls.core.product -Djava.import.generatesMetadataFilesAtProjectRoot=false -Dfile.encoding=utf8 -XX:+UseParallelGC -XX:GCTimeRatio=4 -XX:AdaptiveSizePolicyWeight=90 -Dsun.zip.disableMemoryMapping=true -Xmx1G -Xms100m -Xlog:disable -javaagent:c:\Users\Vinicius\.vscode\extensions\redhat.java-1.16.0-win32-x64\lombok\lombok-1.18.24.jar -XX:+HeapDumpOnOutOfMemoryError -XX:HeapDumpPath=c:\Users\Vinicius\AppData\Roaming\Code\User\workspaceStorage\b953caa60ec1abc2c9936d6cc3d391e3\redhat.java 
java_command: c:\Users\Vinicius\.vscode\extensions\redhat.java-1.16.0-win32-x64\server\plugins\org.eclipse.equinox.launcher_1.6.400.v20210924-0641.jar -configuration c:\Users\Vinicius\AppData\Roaming\Code\User\globalStorage\redhat.java\1.16.0\config_win -data c:\Users\Vinicius\AppData\Roaming\Code\User\workspaceStorage\b953caa60ec1abc2c9936d6cc3d391e3\redhat.java\jdt_ws
java_class_path (initial): c:\Users\Vinicius\.vscode\extensions\redhat.java-1.16.0-win32-x64\server\plugins\org.eclipse.equinox.launcher_1.6.400.v20210924-0641.jar
Launcher Type: SUN_STANDARD

[Global flags]
    uintx AdaptiveSizePolicyWeight                 = 90                                        {product} {command line}
     intx CICompilerCount                          = 3                                         {product} {ergonomic}
    uintx GCTimeRatio                              = 4                                         {product} {command line}
     bool HeapDumpOnOutOfMemoryError               = true                                   {manageable} {command line}
    ccstr HeapDumpPath                             = c:\Users\Vinicius\AppData\Roaming\Code\User\workspaceStorage\b953caa60ec1abc2c9936d6cc3d391e3\redhat.java         {manageable} {command line}
   size_t InitialHeapSize                          = 104857600                                 {product} {command line}
   size_t MaxHeapSize                              = 1073741824                                {product} {command line}
   size_t MaxNewSize                               = 357564416                                 {product} {ergonomic}
   size_t MinHeapDeltaBytes                        = 524288                                    {product} {ergonomic}
   size_t MinHeapSize                              = 104857600                                 {product} {command line}
   size_t NewSize                                  = 34603008                                  {product} {ergonomic}
    uintx NonNMethodCodeHeapSize                   = 5832780                                {pd product} {ergonomic}
    uintx NonProfiledCodeHeapSize                  = 122912730                              {pd product} {ergonomic}
   size_t OldSize                                  = 70254592                                  {product} {ergonomic}
    uintx ProfiledCodeHeapSize                     = 122912730                              {pd product} {ergonomic}
    uintx ReservedCodeCacheSize                    = 251658240                              {pd product} {ergonomic}
     bool SegmentedCodeCache                       = true                                      {product} {ergonomic}
   size_t SoftMaxHeapSize                          = 1073741824                             {manageable} {ergonomic}
     bool UseCompressedClassPointers               = true                           {product lp64_product} {ergonomic}
     bool UseCompressedOops                        = true                           {product lp64_product} {ergonomic}
     bool UseLargePagesIndividualAllocation        = false                                  {pd product} {ergonomic}
     bool UseParallelGC                            = true                                      {product} {command line}

Logging:
Log output configuration:
 #0: stdout all=off uptime,level,tags
 #1: stderr all=off uptime,level,tags

Environment Variables:
PATH=C:\Program Files\Common Files\Oracle\Java\javapath;C:\Windows\system32;C:\Windows;C:\Windows\System32\Wbem;C:\Windows\System32\WindowsPowerShell\v1.0\;C:\Program Files\Git\cmd;C:\Program Files (x86)\Microsoft SQL Server\160\Tools\Binn\;C:\Program Files\Microsoft SQL Server\160\Tools\Binn\;C:\Program Files\Microsoft SQL Server\Client SDK\ODBC\170\Tools\Binn\;C:\Program Files\Microsoft SQL Server\160\DTS\Binn\;C:\Program Files (x86)\Microsoft SQL Server\160\DTS\Binn\;C:\Program Files\Azure Data Studio\bin;C:\Program Files\Docker\Docker\resources\bin;C:\Program Files\MySQL\MySQL Shell 8.0\bin\;C:\Users\Vinicius\AppData\Local\Microsoft\WindowsApps;C:\Users\Vinicius\AppData\Local\Programs\Microsoft VS Code\bin;C:\Users\Vinicius\AppData\Local\GitHubDesktop\bin;C:\Program Files\Azure Data Studio\bin
USERNAME=Vinicius
OS=Windows_NT
PROCESSOR_IDENTIFIER=Intel64 Family 6 Model 37 Stepping 5, GenuineIntel
TMP=C:\Users\Vinicius\AppData\Local\Temp
TEMP=C:\Users\Vinicius\AppData\Local\Temp



---------------  S Y S T E M  ---------------

OS:
 Windows 10 , 64 bit Build 19041 (10.0.19041.804)
OS uptime: 0 days 2:52 hours

CPU: total 4 (initial active 4) (2 cores per cpu, 2 threads per core) family 6 model 37 stepping 5 microcode 0x2, cx8, cmov, fxsr, ht, mmx, sse, sse2, sse3, ssse3, sse4.1, sse4.2, popcnt, tsc, tscinvbit, clflush

Memory: 4k page, system-wide physical 5814M (675M free)
TotalPageFile size 5814M (AvailPageFile size 273M)
current process WorkingSet (physical memory assigned to process): 538M, peak: 737M
current process commit charge ("private bytes"): 632M, peak: 707M

vm_info: OpenJDK 64-Bit Server VM (17.0.6+10) for windows-amd64 JRE (17.0.6+10), built on Jan 18 2023 10:08:59 by "temurin" with MS VC++ 16.7 (VS2019)

END.
